{"/home/labber/lighthouse/interview-scheduler/scheduler/src/components/Application.js": {"path":"/home/labber/lighthouse/interview-scheduler/scheduler/src/components/Application.js","statementMap":{"0":{"start":{"line":24,"column":6},"end":{"line":24,"column":26}},"1":{"start":{"line":26,"column":23},"end":{"line":26,"column":62}},"2":{"start":{"line":28,"column":23},"end":{"line":41,"column":3}},"3":{"start":{"line":30,"column":6},"end":{"line":39,"column":8}},"4":{"start":{"line":43,"column":2},"end":{"line":66,"column":4}}},"fnMap":{"0":{"name":"Application","decl":{"start":{"line":17,"column":24},"end":{"line":17,"column":35}},"loc":{"start":{"line":17,"column":43},"end":{"line":67,"column":1}},"line":17},"1":{"name":"(anonymous_1)","decl":{"start":{"line":29,"column":4},"end":{"line":29,"column":5}},"loc":{"start":{"line":29,"column":19},"end":{"line":40,"column":5}},"line":29}},"branchMap":{},"s":{"0":21,"1":21,"2":21,"3":28,"4":21},"f":{"0":21,"1":28},"b":{},"_coverageSchema":"43e27e138ebf9cfc5966b082cf9a028302ed4184","hash":"e0065b4506de708a84c8e755e81ac1b0377a08fc"}
,"/home/labber/lighthouse/interview-scheduler/scheduler/src/components/Button.js": {"path":"/home/labber/lighthouse/interview-scheduler/scheduler/src/components/Button.js","statementMap":{"0":{"start":{"line":8,"column":22},"end":{"line":11,"column":4}},"1":{"start":{"line":13,"column":2},"end":{"line":21,"column":4}}},"fnMap":{"0":{"name":"Button","decl":{"start":{"line":7,"column":24},"end":{"line":7,"column":30}},"loc":{"start":{"line":7,"column":38},"end":{"line":22,"column":1}},"line":7}},"branchMap":{},"s":{"0":51,"1":51},"f":{"0":51},"b":{},"_coverageSchema":"43e27e138ebf9cfc5966b082cf9a028302ed4184","hash":"57a2e08582e0f49c294e4c5715eb7103a961244c"}
,"/home/labber/lighthouse/interview-scheduler/scheduler/src/components/DayList.js": {"path":"/home/labber/lighthouse/interview-scheduler/scheduler/src/components/DayList.js","statementMap":{"0":{"start":{"line":6,"column":15},"end":{"line":16,"column":4}},"1":{"start":{"line":7,"column":4},"end":{"line":15,"column":6}},"2":{"start":{"line":18,"column":2},"end":{"line":18,"column":25}}},"fnMap":{"0":{"name":"DayList","decl":{"start":{"line":5,"column":24},"end":{"line":5,"column":31}},"loc":{"start":{"line":5,"column":39},"end":{"line":19,"column":1}},"line":5},"1":{"name":"(anonymous_1)","decl":{"start":{"line":6,"column":30},"end":{"line":6,"column":31}},"loc":{"start":{"line":6,"column":37},"end":{"line":16,"column":3}},"line":6}},"branchMap":{},"s":{"0":21,"1":28,"2":21},"f":{"0":21,"1":28},"b":{},"_coverageSchema":"43e27e138ebf9cfc5966b082cf9a028302ed4184","hash":"b68c0de74d2b26c60a91c12e83fdf31c0cd262e5"}
,"/home/labber/lighthouse/interview-scheduler/scheduler/src/components/DayListItem.js": {"path":"/home/labber/lighthouse/interview-scheduler/scheduler/src/components/DayListItem.js","statementMap":{"0":{"start":{"line":7,"column":2},"end":{"line":7,"column":48}},"1":{"start":{"line":7,"column":20},"end":{"line":7,"column":48}},"2":{"start":{"line":8,"column":2},"end":{"line":8,"column":46}},"3":{"start":{"line":8,"column":20},"end":{"line":8,"column":46}},"4":{"start":{"line":10,"column":2},"end":{"line":10,"column":37}},"5":{"start":{"line":14,"column":19},"end":{"line":17,"column":4}},"6":{"start":{"line":19,"column":2},"end":{"line":28,"column":4}},"7":{"start":{"line":22,"column":21},"end":{"line":22,"column":45}}},"fnMap":{"0":{"name":"formatSpots","decl":{"start":{"line":6,"column":16},"end":{"line":6,"column":27}},"loc":{"start":{"line":6,"column":36},"end":{"line":11,"column":1}},"line":6},"1":{"name":"DayListItem","decl":{"start":{"line":13,"column":24},"end":{"line":13,"column":35}},"loc":{"start":{"line":13,"column":43},"end":{"line":29,"column":1}},"line":13},"2":{"name":"(anonymous_2)","decl":{"start":{"line":22,"column":15},"end":{"line":22,"column":16}},"loc":{"start":{"line":22,"column":21},"end":{"line":22,"column":45}},"line":22}},"branchMap":{"0":{"loc":{"start":{"line":7,"column":2},"end":{"line":7,"column":48}},"type":"if","locations":[{"start":{"line":7,"column":2},"end":{"line":7,"column":48}},{"start":{"line":7,"column":2},"end":{"line":7,"column":48}}],"line":7},"1":{"loc":{"start":{"line":8,"column":2},"end":{"line":8,"column":46}},"type":"if","locations":[{"start":{"line":8,"column":2},"end":{"line":8,"column":46}},{"start":{"line":8,"column":2},"end":{"line":8,"column":46}}],"line":8}},"s":{"0":28,"1":2,"2":26,"3":24,"4":2,"5":28,"6":28,"7":1},"f":{"0":28,"1":28,"2":1},"b":{"0":[2,26],"1":[24,2]},"_coverageSchema":"43e27e138ebf9cfc5966b082cf9a028302ed4184","hash":"9ab0216cf80bc2dccc562f92f17d43f132ff8624"}
,"/home/labber/lighthouse/interview-scheduler/scheduler/src/components/InterviewerList.js": {"path":"/home/labber/lighthouse/interview-scheduler/scheduler/src/components/InterviewerList.js","statementMap":{"0":{"start":{"line":10,"column":23},"end":{"line":21,"column":4}},"1":{"start":{"line":11,"column":4},"end":{"line":20,"column":6}},"2":{"start":{"line":18,"column":33},"end":{"line":18,"column":63}},"3":{"start":{"line":23,"column":2},"end":{"line":28,"column":4}},"4":{"start":{"line":31,"column":0},"end":{"line":35,"column":2}}},"fnMap":{"0":{"name":"InterviewerList","decl":{"start":{"line":9,"column":9},"end":{"line":9,"column":24}},"loc":{"start":{"line":9,"column":32},"end":{"line":29,"column":1}},"line":9},"1":{"name":"(anonymous_1)","decl":{"start":{"line":10,"column":46},"end":{"line":10,"column":47}},"loc":{"start":{"line":10,"column":61},"end":{"line":21,"column":3}},"line":10},"2":{"name":"(anonymous_2)","decl":{"start":{"line":18,"column":24},"end":{"line":18,"column":25}},"loc":{"start":{"line":18,"column":33},"end":{"line":18,"column":63}},"line":18}},"branchMap":{},"s":{"0":23,"1":33,"2":2,"3":23,"4":4},"f":{"0":23,"1":33,"2":2},"b":{},"_coverageSchema":"43e27e138ebf9cfc5966b082cf9a028302ed4184","hash":"da06cbbf3da6946552c002299ad1cff375ee0758"}
,"/home/labber/lighthouse/interview-scheduler/scheduler/src/components/InterviewerListItem.js": {"path":"/home/labber/lighthouse/interview-scheduler/scheduler/src/components/InterviewerListItem.js","statementMap":{"0":{"start":{"line":7,"column":20},"end":{"line":9,"column":4}},"1":{"start":{"line":11,"column":2},"end":{"line":20,"column":4}}},"fnMap":{"0":{"name":"InterviewerItem","decl":{"start":{"line":6,"column":24},"end":{"line":6,"column":39}},"loc":{"start":{"line":6,"column":47},"end":{"line":21,"column":1}},"line":6}},"branchMap":{"0":{"loc":{"start":{"line":18,"column":7},"end":{"line":18,"column":35}},"type":"binary-expr","locations":[{"start":{"line":18,"column":7},"end":{"line":18,"column":21}},{"start":{"line":18,"column":25},"end":{"line":18,"column":35}}],"line":18}},"s":{"0":33,"1":33},"f":{"0":33},"b":{"0":[33,9]},"_coverageSchema":"43e27e138ebf9cfc5966b082cf9a028302ed4184","hash":"a76340b132894c0528433c77fa249cd37306cd00"}
,"/home/labber/lighthouse/interview-scheduler/scheduler/src/components/Appointment/Confirm.js": {"path":"/home/labber/lighthouse/interview-scheduler/scheduler/src/components/Appointment/Confirm.js","statementMap":{"0":{"start":{"line":6,"column":2},"end":{"line":18,"column":4}}},"fnMap":{"0":{"name":"Confirm","decl":{"start":{"line":5,"column":24},"end":{"line":5,"column":31}},"loc":{"start":{"line":5,"column":39},"end":{"line":19,"column":1}},"line":5}},"branchMap":{},"s":{"0":2},"f":{"0":2},"b":{},"_coverageSchema":"43e27e138ebf9cfc5966b082cf9a028302ed4184","hash":"1c75213acee91b510f1a11d21aaf748c53038549"}
,"/home/labber/lighthouse/interview-scheduler/scheduler/src/components/Appointment/Empty.js": {"path":"/home/labber/lighthouse/interview-scheduler/scheduler/src/components/Appointment/Empty.js","statementMap":{"0":{"start":{"line":4,"column":2},"end":{"line":13,"column":4}}},"fnMap":{"0":{"name":"Empty","decl":{"start":{"line":3,"column":24},"end":{"line":3,"column":29}},"loc":{"start":{"line":3,"column":37},"end":{"line":14,"column":1}},"line":3}},"branchMap":{},"s":{"0":36},"f":{"0":36},"b":{},"_coverageSchema":"43e27e138ebf9cfc5966b082cf9a028302ed4184","hash":"c9335d84eb870a9ac75a4157fb3fb09bec879838"}
,"/home/labber/lighthouse/interview-scheduler/scheduler/src/components/Appointment/Error.js": {"path":"/home/labber/lighthouse/interview-scheduler/scheduler/src/components/Appointment/Error.js","statementMap":{"0":{"start":{"line":4,"column":2},"end":{"line":17,"column":4}}},"fnMap":{"0":{"name":"Error","decl":{"start":{"line":3,"column":24},"end":{"line":3,"column":29}},"loc":{"start":{"line":3,"column":37},"end":{"line":18,"column":1}},"line":3}},"branchMap":{},"s":{"0":0},"f":{"0":0},"b":{},"_coverageSchema":"43e27e138ebf9cfc5966b082cf9a028302ed4184","hash":"7a66c521bfa0ab18ff8b94550d7291d5d9c47dc2"}
,"/home/labber/lighthouse/interview-scheduler/scheduler/src/components/Appointment/Form.js": {"path":"/home/labber/lighthouse/interview-scheduler/scheduler/src/components/Appointment/Form.js","statementMap":{"0":{"start":{"line":7,"column":26},"end":{"line":7,"column":52}},"1":{"start":{"line":8,"column":40},"end":{"line":8,"column":75}},"2":{"start":{"line":9,"column":28},"end":{"line":9,"column":40}},"3":{"start":{"line":12,"column":4},"end":{"line":12,"column":16}},"4":{"start":{"line":13,"column":4},"end":{"line":13,"column":17}},"5":{"start":{"line":14,"column":4},"end":{"line":14,"column":25}},"6":{"start":{"line":18,"column":4},"end":{"line":18,"column":12}},"7":{"start":{"line":19,"column":4},"end":{"line":19,"column":21}},"8":{"start":{"line":23,"column":4},"end":{"line":26,"column":5}},"9":{"start":{"line":24,"column":6},"end":{"line":24,"column":47}},"10":{"start":{"line":25,"column":6},"end":{"line":25,"column":13}},"11":{"start":{"line":27,"column":4},"end":{"line":30,"column":5}},"12":{"start":{"line":28,"column":6},"end":{"line":28,"column":47}},"13":{"start":{"line":29,"column":6},"end":{"line":29,"column":13}},"14":{"start":{"line":32,"column":4},"end":{"line":32,"column":17}},"15":{"start":{"line":33,"column":4},"end":{"line":33,"column":36}},"16":{"start":{"line":36,"column":2},"end":{"line":70,"column":4}},"17":{"start":{"line":39,"column":54},"end":{"line":39,"column":76}},"18":{"start":{"line":47,"column":14},"end":{"line":47,"column":42}}},"fnMap":{"0":{"name":"Form","decl":{"start":{"line":6,"column":24},"end":{"line":6,"column":28}},"loc":{"start":{"line":6,"column":36},"end":{"line":71,"column":1}},"line":6},"1":{"name":"reset","decl":{"start":{"line":11,"column":11},"end":{"line":11,"column":16}},"loc":{"start":{"line":11,"column":19},"end":{"line":15,"column":3}},"line":11},"2":{"name":"cancel","decl":{"start":{"line":17,"column":11},"end":{"line":17,"column":17}},"loc":{"start":{"line":17,"column":20},"end":{"line":20,"column":3}},"line":17},"3":{"name":"validate","decl":{"start":{"line":22,"column":11},"end":{"line":22,"column":19}},"loc":{"start":{"line":22,"column":22},"end":{"line":34,"column":3}},"line":22},"4":{"name":"(anonymous_4)","decl":{"start":{"line":39,"column":43},"end":{"line":39,"column":44}},"loc":{"start":{"line":39,"column":54},"end":{"line":39,"column":76}},"line":39},"5":{"name":"(anonymous_5)","decl":{"start":{"line":46,"column":22},"end":{"line":46,"column":23}},"loc":{"start":{"line":46,"column":33},"end":{"line":48,"column":13}},"line":46}},"branchMap":{"0":{"loc":{"start":{"line":7,"column":35},"end":{"line":7,"column":51}},"type":"binary-expr","locations":[{"start":{"line":7,"column":35},"end":{"line":7,"column":45}},{"start":{"line":7,"column":49},"end":{"line":7,"column":51}}],"line":7},"1":{"loc":{"start":{"line":8,"column":49},"end":{"line":8,"column":74}},"type":"binary-expr","locations":[{"start":{"line":8,"column":49},"end":{"line":8,"column":66}},{"start":{"line":8,"column":70},"end":{"line":8,"column":74}}],"line":8},"2":{"loc":{"start":{"line":23,"column":4},"end":{"line":26,"column":5}},"type":"if","locations":[{"start":{"line":23,"column":4},"end":{"line":26,"column":5}},{"start":{"line":23,"column":4},"end":{"line":26,"column":5}}],"line":23},"3":{"loc":{"start":{"line":27,"column":4},"end":{"line":30,"column":5}},"type":"if","locations":[{"start":{"line":27,"column":4},"end":{"line":30,"column":5}},{"start":{"line":27,"column":4},"end":{"line":30,"column":5}}],"line":27}},"s":{"0":24,"1":24,"2":24,"3":1,"4":1,"5":1,"6":1,"7":1,"8":9,"9":1,"10":1,"11":8,"12":2,"13":2,"14":6,"15":6,"16":24,"17":0,"18":6},"f":{"0":24,"1":1,"2":1,"3":9,"4":0,"5":6},"b":{"0":[24,12],"1":[24,16],"2":[1,8],"3":[2,6]},"_coverageSchema":"43e27e138ebf9cfc5966b082cf9a028302ed4184","hash":"e7df8b7db2ed80560691eede56dfc9baa0fce6e4"}
,"/home/labber/lighthouse/interview-scheduler/scheduler/src/components/Appointment/Header.js": {"path":"/home/labber/lighthouse/interview-scheduler/scheduler/src/components/Appointment/Header.js","statementMap":{"0":{"start":{"line":4,"column":2},"end":{"line":9,"column":4}}},"fnMap":{"0":{"name":"Header","decl":{"start":{"line":3,"column":24},"end":{"line":3,"column":30}},"loc":{"start":{"line":3,"column":38},"end":{"line":10,"column":1}},"line":3}},"branchMap":{},"s":{"0":68},"f":{"0":68},"b":{},"_coverageSchema":"43e27e138ebf9cfc5966b082cf9a028302ed4184","hash":"7535f35b167f3659be0356bb985214459a40816a"}
,"/home/labber/lighthouse/interview-scheduler/scheduler/src/components/Appointment/Show.js": {"path":"/home/labber/lighthouse/interview-scheduler/scheduler/src/components/Appointment/Show.js","statementMap":{"0":{"start":{"line":4,"column":2},"end":{"line":32,"column":4}}},"fnMap":{"0":{"name":"Show","decl":{"start":{"line":3,"column":24},"end":{"line":3,"column":28}},"loc":{"start":{"line":3,"column":36},"end":{"line":33,"column":1}},"line":3}},"branchMap":{"0":{"loc":{"start":{"line":11,"column":13},"end":{"line":11,"column":56}},"type":"binary-expr","locations":[{"start":{"line":11,"column":13},"end":{"line":11,"column":30}},{"start":{"line":11,"column":34},"end":{"line":11,"column":56}}],"line":11}},"s":{"0":14},"f":{"0":14},"b":{"0":[14,14]},"_coverageSchema":"43e27e138ebf9cfc5966b082cf9a028302ed4184","hash":"61f0660d2eb14a572034053a2f01fddb618afa22"}
,"/home/labber/lighthouse/interview-scheduler/scheduler/src/components/Appointment/Status.js": {"path":"/home/labber/lighthouse/interview-scheduler/scheduler/src/components/Appointment/Status.js","statementMap":{"0":{"start":{"line":4,"column":2},"end":{"line":13,"column":4}}},"fnMap":{"0":{"name":"Status","decl":{"start":{"line":3,"column":24},"end":{"line":3,"column":30}},"loc":{"start":{"line":3,"column":38},"end":{"line":14,"column":1}},"line":3}},"branchMap":{},"s":{"0":12},"f":{"0":12},"b":{},"_coverageSchema":"43e27e138ebf9cfc5966b082cf9a028302ed4184","hash":"8f7fdaefbb9998218946f16f81c93f82dedd415c"}
,"/home/labber/lighthouse/interview-scheduler/scheduler/src/components/Appointment/index.js": {"path":"/home/labber/lighthouse/interview-scheduler/scheduler/src/components/Appointment/index.js","statementMap":{"0":{"start":{"line":19,"column":13},"end":{"line":19,"column":19}},"1":{"start":{"line":20,"column":13},"end":{"line":20,"column":19}},"2":{"start":{"line":21,"column":14},"end":{"line":21,"column":21}},"3":{"start":{"line":22,"column":15},"end":{"line":22,"column":23}},"4":{"start":{"line":23,"column":15},"end":{"line":23,"column":23}},"5":{"start":{"line":24,"column":16},"end":{"line":24,"column":25}},"6":{"start":{"line":25,"column":17},"end":{"line":25,"column":27}},"7":{"start":{"line":26,"column":19},"end":{"line":26,"column":31}},"8":{"start":{"line":27,"column":21},"end":{"line":27,"column":35}},"9":{"start":{"line":30,"column":24},"end":{"line":30,"column":29}},"10":{"start":{"line":31,"column":37},"end":{"line":33,"column":3}},"11":{"start":{"line":36,"column":22},"end":{"line":39,"column":5}},"12":{"start":{"line":41,"column":4},"end":{"line":41,"column":23}},"13":{"start":{"line":43,"column":4},"end":{"line":46,"column":54}},"14":{"start":{"line":45,"column":18},"end":{"line":45,"column":34}},"15":{"start":{"line":46,"column":24},"end":{"line":46,"column":52}},"16":{"start":{"line":50,"column":4},"end":{"line":50,"column":31}},"17":{"start":{"line":51,"column":4},"end":{"line":54,"column":56}},"18":{"start":{"line":53,"column":18},"end":{"line":53,"column":35}},"19":{"start":{"line":54,"column":24},"end":{"line":54,"column":54}},"20":{"start":{"line":57,"column":2},"end":{"line":107,"column":4}},"21":{"start":{"line":65,"column":26},"end":{"line":65,"column":45}},"22":{"start":{"line":66,"column":24},"end":{"line":66,"column":40}},"23":{"start":{"line":72,"column":12},"end":{"line":72,"column":34}},"24":{"start":{"line":73,"column":12},"end":{"line":73,"column":31}}},"fnMap":{"0":{"name":"Appointment","decl":{"start":{"line":29,"column":24},"end":{"line":29,"column":35}},"loc":{"start":{"line":29,"column":43},"end":{"line":108,"column":1}},"line":29},"1":{"name":"save","decl":{"start":{"line":35,"column":11},"end":{"line":35,"column":15}},"loc":{"start":{"line":35,"column":35},"end":{"line":47,"column":3}},"line":35},"2":{"name":"(anonymous_2)","decl":{"start":{"line":45,"column":12},"end":{"line":45,"column":13}},"loc":{"start":{"line":45,"column":18},"end":{"line":45,"column":34}},"line":45},"3":{"name":"(anonymous_3)","decl":{"start":{"line":46,"column":13},"end":{"line":46,"column":14}},"loc":{"start":{"line":46,"column":24},"end":{"line":46,"column":52}},"line":46},"4":{"name":"destroy","decl":{"start":{"line":49,"column":11},"end":{"line":49,"column":18}},"loc":{"start":{"line":49,"column":21},"end":{"line":55,"column":3}},"line":49},"5":{"name":"(anonymous_5)","decl":{"start":{"line":53,"column":12},"end":{"line":53,"column":13}},"loc":{"start":{"line":53,"column":18},"end":{"line":53,"column":35}},"line":53},"6":{"name":"(anonymous_6)","decl":{"start":{"line":54,"column":13},"end":{"line":54,"column":14}},"loc":{"start":{"line":54,"column":24},"end":{"line":54,"column":54}},"line":54},"7":{"name":"(anonymous_7)","decl":{"start":{"line":65,"column":20},"end":{"line":65,"column":21}},"loc":{"start":{"line":65,"column":26},"end":{"line":65,"column":45}},"line":65},"8":{"name":"(anonymous_8)","decl":{"start":{"line":66,"column":18},"end":{"line":66,"column":19}},"loc":{"start":{"line":66,"column":24},"end":{"line":66,"column":40}},"line":66},"9":{"name":"(anonymous_9)","decl":{"start":{"line":71,"column":17},"end":{"line":71,"column":18}},"loc":{"start":{"line":71,"column":23},"end":{"line":74,"column":11}},"line":71}},"branchMap":{"0":{"loc":{"start":{"line":32,"column":4},"end":{"line":32,"column":34}},"type":"cond-expr","locations":[{"start":{"line":32,"column":22},"end":{"line":32,"column":26}},{"start":{"line":32,"column":29},"end":{"line":32,"column":34}}],"line":32},"1":{"loc":{"start":{"line":61,"column":7},"end":{"line":68,"column":7}},"type":"binary-expr","locations":[{"start":{"line":61,"column":7},"end":{"line":61,"column":20}},{"start":{"line":62,"column":8},"end":{"line":67,"column":10}}],"line":61},"2":{"loc":{"start":{"line":69,"column":7},"end":{"line":76,"column":7}},"type":"binary-expr","locations":[{"start":{"line":69,"column":7},"end":{"line":69,"column":21}},{"start":{"line":70,"column":8},"end":{"line":75,"column":10}}],"line":69},"3":{"loc":{"start":{"line":78,"column":7},"end":{"line":80,"column":7}},"type":"binary-expr","locations":[{"start":{"line":78,"column":7},"end":{"line":78,"column":22}},{"start":{"line":79,"column":8},"end":{"line":79,"column":80}}],"line":78},"4":{"loc":{"start":{"line":82,"column":7},"end":{"line":90,"column":7}},"type":"binary-expr","locations":[{"start":{"line":82,"column":7},"end":{"line":82,"column":20}},{"start":{"line":83,"column":8},"end":{"line":89,"column":10}}],"line":82},"5":{"loc":{"start":{"line":91,"column":7},"end":{"line":91,"column":53}},"type":"binary-expr","locations":[{"start":{"line":91,"column":7},"end":{"line":91,"column":22}},{"start":{"line":91,"column":26},"end":{"line":91,"column":53}}],"line":91},"6":{"loc":{"start":{"line":92,"column":7},"end":{"line":92,"column":57}},"type":"binary-expr","locations":[{"start":{"line":92,"column":7},"end":{"line":92,"column":24}},{"start":{"line":92,"column":28},"end":{"line":92,"column":57}}],"line":92},"7":{"loc":{"start":{"line":93,"column":7},"end":{"line":99,"column":7}},"type":"binary-expr","locations":[{"start":{"line":93,"column":7},"end":{"line":93,"column":23}},{"start":{"line":94,"column":8},"end":{"line":98,"column":10}}],"line":93},"8":{"loc":{"start":{"line":100,"column":7},"end":{"line":102,"column":7}},"type":"binary-expr","locations":[{"start":{"line":100,"column":7},"end":{"line":100,"column":26}},{"start":{"line":101,"column":8},"end":{"line":101,"column":70}}],"line":100},"9":{"loc":{"start":{"line":103,"column":7},"end":{"line":105,"column":7}},"type":"binary-expr","locations":[{"start":{"line":103,"column":7},"end":{"line":103,"column":28}},{"start":{"line":104,"column":8},"end":{"line":104,"column":72}}],"line":103}},"s":{"0":3,"1":3,"2":3,"3":3,"4":3,"5":3,"6":3,"7":3,"8":3,"9":68,"10":68,"11":4,"12":4,"13":4,"14":4,"15":0,"16":2,"17":2,"18":2,"19":0,"20":68,"21":2,"22":2,"23":2,"24":2},"f":{"0":68,"1":4,"2":4,"3":0,"4":2,"5":2,"6":0,"7":2,"8":2,"9":2},"b":{"0":[26,42],"1":[68,14],"2":[68,36],"3":[68,2],"4":[68,2],"5":[68,8],"6":[68,4],"7":[68,2],"8":[68,0],"9":[68,0]},"_coverageSchema":"43e27e138ebf9cfc5966b082cf9a028302ed4184","hash":"80d59fc5e7bc537a9458616d20fe6f4b70971e3e"}
,"/home/labber/lighthouse/interview-scheduler/scheduler/src/helpers/selectors.js": {"path":"/home/labber/lighthouse/interview-scheduler/scheduler/src/helpers/selectors.js","statementMap":{"0":{"start":{"line":2,"column":16},"end":{"line":2,"column":52}},"1":{"start":{"line":2,"column":37},"end":{"line":2,"column":51}},"2":{"start":{"line":4,"column":2},"end":{"line":4,"column":64}},"3":{"start":{"line":4,"column":54},"end":{"line":4,"column":64}},"4":{"start":{"line":6,"column":2},"end":{"line":6,"column":62}},"5":{"start":{"line":6,"column":38},"end":{"line":6,"column":60}},"6":{"start":{"line":10,"column":16},"end":{"line":10,"column":52}},"7":{"start":{"line":10,"column":37},"end":{"line":10,"column":51}},"8":{"start":{"line":12,"column":2},"end":{"line":12,"column":64}},"9":{"start":{"line":12,"column":54},"end":{"line":12,"column":64}},"10":{"start":{"line":14,"column":2},"end":{"line":14,"column":62}},"11":{"start":{"line":14,"column":38},"end":{"line":14,"column":60}},"12":{"start":{"line":18,"column":2},"end":{"line":23,"column":4}}},"fnMap":{"0":{"name":"getAppointmentsForDay","decl":{"start":{"line":1,"column":16},"end":{"line":1,"column":37}},"loc":{"start":{"line":1,"column":50},"end":{"line":7,"column":1}},"line":1},"1":{"name":"(anonymous_1)","decl":{"start":{"line":2,"column":32},"end":{"line":2,"column":33}},"loc":{"start":{"line":2,"column":37},"end":{"line":2,"column":51}},"line":2},"2":{"name":"(anonymous_2)","decl":{"start":{"line":6,"column":32},"end":{"line":6,"column":33}},"loc":{"start":{"line":6,"column":38},"end":{"line":6,"column":60}},"line":6},"3":{"name":"getInterviewersForDay","decl":{"start":{"line":9,"column":16},"end":{"line":9,"column":37}},"loc":{"start":{"line":9,"column":50},"end":{"line":15,"column":1}},"line":9},"4":{"name":"(anonymous_4)","decl":{"start":{"line":10,"column":32},"end":{"line":10,"column":33}},"loc":{"start":{"line":10,"column":37},"end":{"line":10,"column":51}},"line":10},"5":{"name":"(anonymous_5)","decl":{"start":{"line":14,"column":32},"end":{"line":14,"column":33}},"loc":{"start":{"line":14,"column":38},"end":{"line":14,"column":60}},"line":14},"6":{"name":"getInterview","decl":{"start":{"line":17,"column":16},"end":{"line":17,"column":28}},"loc":{"start":{"line":17,"column":47},"end":{"line":24,"column":1}},"line":17}},"branchMap":{"0":{"loc":{"start":{"line":4,"column":2},"end":{"line":4,"column":64}},"type":"if","locations":[{"start":{"line":4,"column":2},"end":{"line":4,"column":64}},{"start":{"line":4,"column":2},"end":{"line":4,"column":64}}],"line":4},"1":{"loc":{"start":{"line":4,"column":6},"end":{"line":4,"column":52}},"type":"binary-expr","locations":[{"start":{"line":4,"column":6},"end":{"line":4,"column":29}},{"start":{"line":4,"column":33},"end":{"line":4,"column":52}}],"line":4},"2":{"loc":{"start":{"line":12,"column":2},"end":{"line":12,"column":64}},"type":"if","locations":[{"start":{"line":12,"column":2},"end":{"line":12,"column":64}},{"start":{"line":12,"column":2},"end":{"line":12,"column":64}}],"line":12},"3":{"loc":{"start":{"line":12,"column":6},"end":{"line":12,"column":52}},"type":"binary-expr","locations":[{"start":{"line":12,"column":6},"end":{"line":12,"column":29}},{"start":{"line":12,"column":33},"end":{"line":12,"column":52}}],"line":12},"4":{"loc":{"start":{"line":19,"column":4},"end":{"line":22,"column":5}},"type":"binary-expr","locations":[{"start":{"line":19,"column":4},"end":{"line":19,"column":13}},{"start":{"line":19,"column":17},"end":{"line":22,"column":5}}],"line":19}},"s":{"0":26,"1":21,"2":26,"3":9,"4":17,"5":36,"6":26,"7":21,"8":26,"9":9,"10":17,"11":34,"12":30},"f":{"0":26,"1":21,"2":36,"3":26,"4":21,"5":34,"6":30},"b":{"0":[9,17],"1":[26,18],"2":[9,17],"3":[26,18],"4":[30,15]},"_coverageSchema":"43e27e138ebf9cfc5966b082cf9a028302ed4184","hash":"9009de94dbf1f7c68210ad0088e8c25527ed5145"}
,"/home/labber/lighthouse/interview-scheduler/scheduler/src/hooks/useApplicationData.js": {"path":"/home/labber/lighthouse/interview-scheduler/scheduler/src/hooks/useApplicationData.js","statementMap":{"0":{"start":{"line":14,"column":28},"end":{"line":19,"column":4}},"1":{"start":{"line":21,"column":17},"end":{"line":21,"column":56}},"2":{"start":{"line":21,"column":24},"end":{"line":21,"column":56}},"3":{"start":{"line":23,"column":2},"end":{"line":37,"column":9}},"4":{"start":{"line":24,"column":4},"end":{"line":36,"column":6}},"5":{"start":{"line":30,"column":8},"end":{"line":35,"column":10}},"6":{"start":{"line":39,"column":2},"end":{"line":39,"column":30}},"7":{"start":{"line":42,"column":4},"end":{"line":48,"column":7}},"8":{"start":{"line":43,"column":6},"end":{"line":47,"column":9}},"9":{"start":{"line":52,"column":4},"end":{"line":58,"column":7}},"10":{"start":{"line":53,"column":6},"end":{"line":57,"column":9}},"11":{"start":{"line":61,"column":2},"end":{"line":66,"column":4}}},"fnMap":{"0":{"name":"useApplicationData","decl":{"start":{"line":13,"column":24},"end":{"line":13,"column":42}},"loc":{"start":{"line":13,"column":45},"end":{"line":67,"column":1}},"line":13},"1":{"name":"(anonymous_1)","decl":{"start":{"line":21,"column":17},"end":{"line":21,"column":18}},"loc":{"start":{"line":21,"column":24},"end":{"line":21,"column":56}},"line":21},"2":{"name":"(anonymous_2)","decl":{"start":{"line":23,"column":12},"end":{"line":23,"column":13}},"loc":{"start":{"line":23,"column":18},"end":{"line":37,"column":3}},"line":23},"3":{"name":"(anonymous_3)","decl":{"start":{"line":29,"column":6},"end":{"line":29,"column":7}},"loc":{"start":{"line":30,"column":8},"end":{"line":35,"column":10}},"line":30},"4":{"name":"bookInterview","decl":{"start":{"line":41,"column":11},"end":{"line":41,"column":24}},"loc":{"start":{"line":41,"column":40},"end":{"line":49,"column":3}},"line":41},"5":{"name":"(anonymous_5)","decl":{"start":{"line":42,"column":68},"end":{"line":42,"column":69}},"loc":{"start":{"line":42,"column":74},"end":{"line":48,"column":5}},"line":42},"6":{"name":"cancelInterview","decl":{"start":{"line":51,"column":11},"end":{"line":51,"column":26}},"loc":{"start":{"line":51,"column":31},"end":{"line":59,"column":3}},"line":51},"7":{"name":"(anonymous_7)","decl":{"start":{"line":52,"column":56},"end":{"line":52,"column":57}},"loc":{"start":{"line":52,"column":62},"end":{"line":58,"column":5}},"line":52}},"branchMap":{},"s":{"0":21,"1":21,"2":1,"3":21,"4":7,"5":7,"6":21,"7":4,"8":4,"9":2,"10":2,"11":21},"f":{"0":21,"1":1,"2":7,"3":7,"4":4,"5":4,"6":2,"7":2},"b":{},"_coverageSchema":"43e27e138ebf9cfc5966b082cf9a028302ed4184","hash":"9d7c84a88b770476a40fec41eccbd021ae0d605a"}
,"/home/labber/lighthouse/interview-scheduler/scheduler/src/hooks/useRealtimeUpdate.js": {"path":"/home/labber/lighthouse/interview-scheduler/scheduler/src/hooks/useRealtimeUpdate.js","statementMap":{"0":{"start":{"line":5,"column":2},"end":{"line":19,"column":17}},"1":{"start":{"line":6,"column":19},"end":{"line":6,"column":69}},"2":{"start":{"line":8,"column":4},"end":{"line":14,"column":6}},"3":{"start":{"line":9,"column":19},"end":{"line":9,"column":41}},"4":{"start":{"line":11,"column":6},"end":{"line":13,"column":7}},"5":{"start":{"line":12,"column":8},"end":{"line":12,"column":23}},"6":{"start":{"line":16,"column":4},"end":{"line":18,"column":6}},"7":{"start":{"line":17,"column":6},"end":{"line":17,"column":21}}},"fnMap":{"0":{"name":"useRealtimeUpdate","decl":{"start":{"line":4,"column":24},"end":{"line":4,"column":41}},"loc":{"start":{"line":4,"column":52},"end":{"line":20,"column":1}},"line":4},"1":{"name":"(anonymous_1)","decl":{"start":{"line":5,"column":12},"end":{"line":5,"column":13}},"loc":{"start":{"line":5,"column":18},"end":{"line":19,"column":3}},"line":5},"2":{"name":"(anonymous_2)","decl":{"start":{"line":8,"column":23},"end":{"line":8,"column":24}},"loc":{"start":{"line":8,"column":32},"end":{"line":14,"column":5}},"line":8},"3":{"name":"(anonymous_3)","decl":{"start":{"line":16,"column":11},"end":{"line":16,"column":12}},"loc":{"start":{"line":16,"column":17},"end":{"line":18,"column":5}},"line":16}},"branchMap":{"0":{"loc":{"start":{"line":11,"column":6},"end":{"line":13,"column":7}},"type":"if","locations":[{"start":{"line":11,"column":6},"end":{"line":13,"column":7}},{"start":{"line":11,"column":6},"end":{"line":13,"column":7}}],"line":11},"1":{"loc":{"start":{"line":11,"column":10},"end":{"line":11,"column":65}},"type":"binary-expr","locations":[{"start":{"line":11,"column":10},"end":{"line":11,"column":34}},{"start":{"line":11,"column":38},"end":{"line":11,"column":65}}],"line":11}},"s":{"0":21,"1":7,"2":7,"3":0,"4":0,"5":0,"6":7,"7":7},"f":{"0":21,"1":7,"2":0,"3":7},"b":{"0":[0,0],"1":[0,0]},"_coverageSchema":"43e27e138ebf9cfc5966b082cf9a028302ed4184","hash":"5e4c4102bae9eaadb9c7c47761b4f552296cc87e"}
,"/home/labber/lighthouse/interview-scheduler/scheduler/src/hooks/useVisualMode.js": {"path":"/home/labber/lighthouse/interview-scheduler/scheduler/src/hooks/useVisualMode.js","statementMap":{"0":{"start":{"line":3,"column":22},"end":{"line":23,"column":1}},"1":{"start":{"line":5,"column":32},"end":{"line":5,"column":55}},"2":{"start":{"line":8,"column":21},"end":{"line":15,"column":3}},"3":{"start":{"line":10,"column":4},"end":{"line":14,"column":75}},"4":{"start":{"line":12,"column":29},"end":{"line":12,"column":47}},"5":{"start":{"line":14,"column":29},"end":{"line":14,"column":73}},"6":{"start":{"line":17,"column":15},"end":{"line":21,"column":3}},"7":{"start":{"line":18,"column":4},"end":{"line":20,"column":5}},"8":{"start":{"line":19,"column":6},"end":{"line":19,"column":64}},"9":{"start":{"line":19,"column":27},"end":{"line":19,"column":62}},"10":{"start":{"line":22,"column":2},"end":{"line":22,"column":65}}},"fnMap":{"0":{"name":"(anonymous_0)","decl":{"start":{"line":3,"column":22},"end":{"line":3,"column":23}},"loc":{"start":{"line":3,"column":39},"end":{"line":23,"column":1}},"line":3},"1":{"name":"(anonymous_1)","decl":{"start":{"line":8,"column":21},"end":{"line":8,"column":22}},"loc":{"start":{"line":8,"column":51},"end":{"line":15,"column":3}},"line":8},"2":{"name":"(anonymous_2)","decl":{"start":{"line":12,"column":19},"end":{"line":12,"column":20}},"loc":{"start":{"line":12,"column":29},"end":{"line":12,"column":47}},"line":12},"3":{"name":"(anonymous_3)","decl":{"start":{"line":14,"column":19},"end":{"line":14,"column":20}},"loc":{"start":{"line":14,"column":29},"end":{"line":14,"column":73}},"line":14},"4":{"name":"(anonymous_4)","decl":{"start":{"line":17,"column":15},"end":{"line":17,"column":16}},"loc":{"start":{"line":17,"column":21},"end":{"line":21,"column":3}},"line":17},"5":{"name":"(anonymous_5)","decl":{"start":{"line":19,"column":17},"end":{"line":19,"column":18}},"loc":{"start":{"line":19,"column":27},"end":{"line":19,"column":62}},"line":19}},"branchMap":{"0":{"loc":{"start":{"line":8,"column":31},"end":{"line":8,"column":46}},"type":"default-arg","locations":[{"start":{"line":8,"column":41},"end":{"line":8,"column":46}}],"line":8},"1":{"loc":{"start":{"line":10,"column":4},"end":{"line":14,"column":74}},"type":"cond-expr","locations":[{"start":{"line":12,"column":8},"end":{"line":12,"column":48}},{"start":{"line":14,"column":8},"end":{"line":14,"column":74}}],"line":10},"2":{"loc":{"start":{"line":18,"column":4},"end":{"line":20,"column":5}},"type":"if","locations":[{"start":{"line":18,"column":4},"end":{"line":20,"column":5}},{"start":{"line":18,"column":4},"end":{"line":20,"column":5}}],"line":18}},"s":{"0":4,"1":72,"2":72,"3":20,"4":17,"5":3,"6":72,"7":1,"8":1,"9":1,"10":72},"f":{"0":72,"1":20,"2":17,"3":3,"4":1,"5":1},"b":{"0":[17],"1":[17,3],"2":[1,0]},"_coverageSchema":"43e27e138ebf9cfc5966b082cf9a028302ed4184","hash":"d48459f58602048de10b94b4f84fa2d0d0f0ba93"}
,"/home/labber/lighthouse/interview-scheduler/scheduler/src/reducers/application.js": {"path":"/home/labber/lighthouse/interview-scheduler/scheduler/src/reducers/application.js","statementMap":{"0":{"start":{"line":1,"column":23},"end":{"line":1,"column":32}},"1":{"start":{"line":2,"column":36},"end":{"line":2,"column":58}},"2":{"start":{"line":3,"column":29},"end":{"line":3,"column":44}},"3":{"start":{"line":6,"column":2},"end":{"line":53,"column":3}},"4":{"start":{"line":8,"column":6},"end":{"line":8,"column":43}},"5":{"start":{"line":10,"column":6},"end":{"line":15,"column":8}},"6":{"start":{"line":17,"column":26},"end":{"line":20,"column":7}},"7":{"start":{"line":22,"column":27},"end":{"line":25,"column":7}},"8":{"start":{"line":27,"column":29},"end":{"line":32,"column":9}},"9":{"start":{"line":28,"column":8},"end":{"line":32,"column":9}},"10":{"start":{"line":30,"column":26},"end":{"line":30,"column":72}},"11":{"start":{"line":34,"column":19},"end":{"line":41,"column":8}},"12":{"start":{"line":35,"column":8},"end":{"line":40,"column":16}},"13":{"start":{"line":43,"column":6},"end":{"line":47,"column":8}},"14":{"start":{"line":50,"column":6},"end":{"line":52,"column":8}}},"fnMap":{"0":{"name":"reducer","decl":{"start":{"line":5,"column":24},"end":{"line":5,"column":31}},"loc":{"start":{"line":5,"column":47},"end":{"line":54,"column":1}},"line":5},"1":{"name":"(anonymous_1)","decl":{"start":{"line":27,"column":29},"end":{"line":27,"column":30}},"loc":{"start":{"line":28,"column":8},"end":{"line":32,"column":9}},"line":28},"2":{"name":"(anonymous_2)","decl":{"start":{"line":30,"column":10},"end":{"line":30,"column":11}},"loc":{"start":{"line":30,"column":26},"end":{"line":30,"column":72}},"line":30},"3":{"name":"(anonymous_3)","decl":{"start":{"line":34,"column":34},"end":{"line":34,"column":35}},"loc":{"start":{"line":34,"column":41},"end":{"line":41,"column":7}},"line":34}},"branchMap":{"0":{"loc":{"start":{"line":6,"column":2},"end":{"line":53,"column":3}},"type":"switch","locations":[{"start":{"line":7,"column":4},"end":{"line":8,"column":43}},{"start":{"line":9,"column":4},"end":{"line":15,"column":8}},{"start":{"line":16,"column":4},"end":{"line":48,"column":5}},{"start":{"line":49,"column":4},"end":{"line":52,"column":8}}],"line":6},"1":{"loc":{"start":{"line":19,"column":19},"end":{"line":19,"column":62}},"type":"binary-expr","locations":[{"start":{"line":19,"column":19},"end":{"line":19,"column":35}},{"start":{"line":19,"column":39},"end":{"line":19,"column":62}}],"line":19},"2":{"loc":{"start":{"line":30,"column":26},"end":{"line":30,"column":72}},"type":"cond-expr","locations":[{"start":{"line":30,"column":55},"end":{"line":30,"column":64}},{"start":{"line":30,"column":67},"end":{"line":30,"column":72}}],"line":30},"3":{"loc":{"start":{"line":35,"column":15},"end":{"line":40,"column":15}},"type":"cond-expr","locations":[{"start":{"line":36,"column":12},"end":{"line":39,"column":13}},{"start":{"line":40,"column":12},"end":{"line":40,"column":15}}],"line":35}},"s":{"0":3,"1":3,"2":3,"3":15,"4":1,"5":7,"6":6,"7":6,"8":6,"9":6,"10":12,"11":6,"12":12,"13":6,"14":1},"f":{"0":15,"1":6,"2":12,"3":12},"b":{"0":[1,7,6,1],"1":[6,4],"2":[6,6],"3":[6,6]},"_coverageSchema":"43e27e138ebf9cfc5966b082cf9a028302ed4184","hash":"452065bc3e6613072c9aa4871d7ad4a4495ff78a"}
}
