TN:
SF:/home/labber/lighthouse/interview-scheduler/scheduler/src/components/Application.js
FN:17,Application
FN:29,(anonymous_1)
FNF:2
FNH:2
FNDA:21,Application
FNDA:28,(anonymous_1)
DA:24,21
DA:26,21
DA:28,21
DA:30,28
DA:43,21
LF:5
LH:5
BRF:0
BRH:0
end_of_record
TN:
SF:/home/labber/lighthouse/interview-scheduler/scheduler/src/components/Button.js
FN:7,Button
FNF:1
FNH:1
FNDA:51,Button
DA:8,51
DA:13,51
LF:2
LH:2
BRF:0
BRH:0
end_of_record
TN:
SF:/home/labber/lighthouse/interview-scheduler/scheduler/src/components/DayList.js
FN:5,DayList
FN:6,(anonymous_1)
FNF:2
FNH:2
FNDA:21,DayList
FNDA:28,(anonymous_1)
DA:6,21
DA:7,28
DA:18,21
LF:3
LH:3
BRF:0
BRH:0
end_of_record
TN:
SF:/home/labber/lighthouse/interview-scheduler/scheduler/src/components/DayListItem.js
FN:6,formatSpots
FN:13,DayListItem
FN:22,(anonymous_2)
FNF:3
FNH:3
FNDA:28,formatSpots
FNDA:28,DayListItem
FNDA:1,(anonymous_2)
DA:7,28
DA:8,26
DA:10,2
DA:14,28
DA:19,28
DA:22,1
LF:6
LH:6
BRDA:7,0,0,2
BRDA:7,0,1,26
BRDA:8,1,0,24
BRDA:8,1,1,2
BRF:4
BRH:4
end_of_record
TN:
SF:/home/labber/lighthouse/interview-scheduler/scheduler/src/components/InterviewerList.js
FN:9,InterviewerList
FN:10,(anonymous_1)
FN:18,(anonymous_2)
FNF:3
FNH:3
FNDA:23,InterviewerList
FNDA:33,(anonymous_1)
FNDA:2,(anonymous_2)
DA:10,23
DA:11,33
DA:18,2
DA:23,23
DA:31,4
LF:5
LH:5
BRF:0
BRH:0
end_of_record
TN:
SF:/home/labber/lighthouse/interview-scheduler/scheduler/src/components/InterviewerListItem.js
FN:6,InterviewerItem
FNF:1
FNH:1
FNDA:33,InterviewerItem
DA:7,33
DA:11,33
LF:2
LH:2
BRDA:18,0,0,33
BRDA:18,0,1,9
BRF:2
BRH:2
end_of_record
TN:
SF:/home/labber/lighthouse/interview-scheduler/scheduler/src/components/Appointment/Confirm.js
FN:5,Confirm
FNF:1
FNH:1
FNDA:2,Confirm
DA:6,2
LF:1
LH:1
BRF:0
BRH:0
end_of_record
TN:
SF:/home/labber/lighthouse/interview-scheduler/scheduler/src/components/Appointment/Empty.js
FN:3,Empty
FNF:1
FNH:1
FNDA:36,Empty
DA:4,36
LF:1
LH:1
BRF:0
BRH:0
end_of_record
TN:
SF:/home/labber/lighthouse/interview-scheduler/scheduler/src/components/Appointment/Error.js
FN:3,Error
FNF:1
FNH:0
FNDA:0,Error
DA:4,0
LF:1
LH:0
BRF:0
BRH:0
end_of_record
TN:
SF:/home/labber/lighthouse/interview-scheduler/scheduler/src/components/Appointment/Form.js
FN:6,Form
FN:11,reset
FN:17,cancel
FN:22,validate
FN:39,(anonymous_4)
FN:46,(anonymous_5)
FNF:6
FNH:5
FNDA:24,Form
FNDA:1,reset
FNDA:1,cancel
FNDA:9,validate
FNDA:0,(anonymous_4)
FNDA:6,(anonymous_5)
DA:7,24
DA:8,24
DA:9,24
DA:12,1
DA:13,1
DA:14,1
DA:18,1
DA:19,1
DA:23,9
DA:24,1
DA:25,1
DA:27,8
DA:28,2
DA:29,2
DA:32,6
DA:33,6
DA:36,24
DA:39,0
DA:47,6
LF:19
LH:18
BRDA:7,0,0,24
BRDA:7,0,1,12
BRDA:8,1,0,24
BRDA:8,1,1,16
BRDA:23,2,0,1
BRDA:23,2,1,8
BRDA:27,3,0,2
BRDA:27,3,1,6
BRF:8
BRH:8
end_of_record
TN:
SF:/home/labber/lighthouse/interview-scheduler/scheduler/src/components/Appointment/Header.js
FN:3,Header
FNF:1
FNH:1
FNDA:68,Header
DA:4,68
LF:1
LH:1
BRF:0
BRH:0
end_of_record
TN:
SF:/home/labber/lighthouse/interview-scheduler/scheduler/src/components/Appointment/Show.js
FN:3,Show
FNF:1
FNH:1
FNDA:14,Show
DA:4,14
LF:1
LH:1
BRDA:11,0,0,14
BRDA:11,0,1,14
BRF:2
BRH:2
end_of_record
TN:
SF:/home/labber/lighthouse/interview-scheduler/scheduler/src/components/Appointment/Status.js
FN:3,Status
FNF:1
FNH:1
FNDA:12,Status
DA:4,12
LF:1
LH:1
BRF:0
BRH:0
end_of_record
TN:
SF:/home/labber/lighthouse/interview-scheduler/scheduler/src/components/Appointment/index.js
FN:29,Appointment
FN:35,save
FN:45,(anonymous_2)
FN:46,(anonymous_3)
FN:49,destroy
FN:53,(anonymous_5)
FN:54,(anonymous_6)
FN:65,(anonymous_7)
FN:66,(anonymous_8)
FN:71,(anonymous_9)
FNF:10
FNH:8
FNDA:68,Appointment
FNDA:4,save
FNDA:4,(anonymous_2)
FNDA:0,(anonymous_3)
FNDA:2,destroy
FNDA:2,(anonymous_5)
FNDA:0,(anonymous_6)
FNDA:2,(anonymous_7)
FNDA:2,(anonymous_8)
FNDA:2,(anonymous_9)
DA:19,3
DA:20,3
DA:21,3
DA:22,3
DA:23,3
DA:24,3
DA:25,3
DA:26,3
DA:27,3
DA:30,68
DA:31,68
DA:36,4
DA:41,4
DA:43,4
DA:45,4
DA:46,0
DA:50,2
DA:51,2
DA:53,2
DA:54,0
DA:57,68
DA:65,2
DA:66,2
DA:72,2
DA:73,2
LF:25
LH:23
BRDA:32,0,0,26
BRDA:32,0,1,42
BRDA:61,1,0,68
BRDA:61,1,1,14
BRDA:69,2,0,68
BRDA:69,2,1,36
BRDA:78,3,0,68
BRDA:78,3,1,2
BRDA:82,4,0,68
BRDA:82,4,1,2
BRDA:91,5,0,68
BRDA:91,5,1,8
BRDA:92,6,0,68
BRDA:92,6,1,4
BRDA:93,7,0,68
BRDA:93,7,1,2
BRDA:100,8,0,68
BRDA:100,8,1,0
BRDA:103,9,0,68
BRDA:103,9,1,0
BRF:20
BRH:18
end_of_record
TN:
SF:/home/labber/lighthouse/interview-scheduler/scheduler/src/helpers/selectors.js
FN:1,getAppointmentsForDay
FN:2,(anonymous_1)
FN:6,(anonymous_2)
FN:9,getInterviewersForDay
FN:10,(anonymous_4)
FN:14,(anonymous_5)
FN:17,getInterview
FNF:7
FNH:7
FNDA:26,getAppointmentsForDay
FNDA:21,(anonymous_1)
FNDA:36,(anonymous_2)
FNDA:26,getInterviewersForDay
FNDA:21,(anonymous_4)
FNDA:34,(anonymous_5)
FNDA:30,getInterview
DA:2,26
DA:4,26
DA:6,36
DA:10,26
DA:12,26
DA:14,34
DA:18,30
LF:7
LH:7
BRDA:4,0,0,9
BRDA:4,0,1,17
BRDA:4,1,0,26
BRDA:4,1,1,18
BRDA:12,2,0,9
BRDA:12,2,1,17
BRDA:12,3,0,26
BRDA:12,3,1,18
BRDA:19,4,0,30
BRDA:19,4,1,15
BRF:10
BRH:10
end_of_record
TN:
SF:/home/labber/lighthouse/interview-scheduler/scheduler/src/hooks/useApplicationData.js
FN:13,useApplicationData
FN:21,(anonymous_1)
FN:23,(anonymous_2)
FN:29,(anonymous_3)
FN:41,bookInterview
FN:42,(anonymous_5)
FN:51,cancelInterview
FN:52,(anonymous_7)
FNF:8
FNH:8
FNDA:21,useApplicationData
FNDA:1,(anonymous_1)
FNDA:7,(anonymous_2)
FNDA:7,(anonymous_3)
FNDA:4,bookInterview
FNDA:4,(anonymous_5)
FNDA:2,cancelInterview
FNDA:2,(anonymous_7)
DA:14,21
DA:21,21
DA:23,21
DA:24,7
DA:30,7
DA:39,21
DA:42,4
DA:43,4
DA:52,2
DA:53,2
DA:61,21
LF:11
LH:11
BRF:0
BRH:0
end_of_record
TN:
SF:/home/labber/lighthouse/interview-scheduler/scheduler/src/hooks/useRealtimeUpdate.js
FN:4,useRealtimeUpdate
FN:5,(anonymous_1)
FN:8,(anonymous_2)
FN:16,(anonymous_3)
FNF:4
FNH:3
FNDA:21,useRealtimeUpdate
FNDA:7,(anonymous_1)
FNDA:0,(anonymous_2)
FNDA:7,(anonymous_3)
DA:5,21
DA:6,7
DA:8,7
DA:9,0
DA:11,0
DA:12,0
DA:16,7
DA:17,7
LF:8
LH:5
BRDA:11,0,0,0
BRDA:11,0,1,0
BRDA:11,1,0,0
BRDA:11,1,1,0
BRF:4
BRH:0
end_of_record
TN:
SF:/home/labber/lighthouse/interview-scheduler/scheduler/src/hooks/useVisualMode.js
FN:3,(anonymous_0)
FN:8,(anonymous_1)
FN:12,(anonymous_2)
FN:14,(anonymous_3)
FN:17,(anonymous_4)
FN:19,(anonymous_5)
FNF:6
FNH:6
FNDA:72,(anonymous_0)
FNDA:20,(anonymous_1)
FNDA:17,(anonymous_2)
FNDA:3,(anonymous_3)
FNDA:1,(anonymous_4)
FNDA:1,(anonymous_5)
DA:3,4
DA:5,72
DA:8,72
DA:10,20
DA:12,17
DA:14,3
DA:17,72
DA:18,1
DA:19,1
DA:22,72
LF:10
LH:10
BRDA:8,0,0,17
BRDA:10,1,0,17
BRDA:10,1,1,3
BRDA:18,2,0,1
BRDA:18,2,1,0
BRF:5
BRH:4
end_of_record
TN:
SF:/home/labber/lighthouse/interview-scheduler/scheduler/src/reducers/application.js
FN:5,reducer
FN:27,(anonymous_1)
FN:30,(anonymous_2)
FN:34,(anonymous_3)
FNF:4
FNH:4
FNDA:15,reducer
FNDA:6,(anonymous_1)
FNDA:12,(anonymous_2)
FNDA:12,(anonymous_3)
DA:1,3
DA:2,3
DA:3,3
DA:6,15
DA:8,1
DA:10,7
DA:17,6
DA:22,6
DA:27,6
DA:28,6
DA:30,12
DA:34,6
DA:35,12
DA:43,6
DA:50,1
LF:15
LH:15
BRDA:6,0,0,1
BRDA:6,0,1,7
BRDA:6,0,2,6
BRDA:6,0,3,1
BRDA:19,1,0,6
BRDA:19,1,1,4
BRDA:30,2,0,6
BRDA:30,2,1,6
BRDA:35,3,0,6
BRDA:35,3,1,6
BRF:10
BRH:10
end_of_record
